  [1m[35m (826.8ms)[0m  [1m[35mCREATE DATABASE "task_tag_server_development" ENCODING = 'unicode'[0m
  [1m[35m (610.2ms)[0m  [1m[35mCREATE DATABASE "task_tag_server_test" ENCODING = 'unicode'[0m
  [1m[35m (96.5ms)[0m  [1m[35mCREATE TABLE "schema_migrations" ("version" character varying NOT NULL PRIMARY KEY)[0m
  [1m[35m (107.4ms)[0m  [1m[35mCREATE TABLE "ar_internal_metadata" ("key" character varying NOT NULL PRIMARY KEY, "value" character varying, "created_at" timestamp(6) NOT NULL, "updated_at" timestamp(6) NOT NULL)[0m
  [1m[35m (0.3ms)[0m  [1m[34mSELECT pg_try_advisory_lock(5719340988261694080)[0m
  [1m[35m (0.4ms)[0m  [1m[34mSELECT "schema_migrations"."version" FROM "schema_migrations" ORDER BY "schema_migrations"."version" ASC[0m
Migrating to CreateTasks (20220615215737)
  [1m[36mTRANSACTION (0.2ms)[0m  [1m[35mBEGIN[0m
  [1m[35m (92.6ms)[0m  [1m[35mCREATE TABLE "tasks" ("id" bigserial primary key, "title" character varying NOT NULL, "created_at" timestamp(6) NOT NULL, "updated_at" timestamp(6) NOT NULL)[0m
  [1m[36mActiveRecord::SchemaMigration Create (0.4ms)[0m  [1m[32mINSERT INTO "schema_migrations" ("version") VALUES ($1) RETURNING "version"[0m  [["version", "20220615215737"]]
  [1m[36mTRANSACTION (17.2ms)[0m  [1m[35mCOMMIT[0m
Migrating to CreateTagsAndTaggings (20220615215748)
  [1m[36mTRANSACTION (0.2ms)[0m  [1m[35mBEGIN[0m
  [1m[35m (110.6ms)[0m  [1m[35mCREATE TABLE "tags" ("id" bigserial primary key, "name" character varying NOT NULL, "created_at" timestamp(6) NOT NULL, "updated_at" timestamp(6) NOT NULL)[0m
  [1m[35m (33.2ms)[0m  [1m[35mCREATE UNIQUE INDEX "index_tags_on_name" ON "tags" ("name")[0m
  [1m[35m (100.3ms)[0m  [1m[35mCREATE TABLE "taggings" ("id" bigserial primary key, "tag_id" bigint, "taggable_type" character varying, "taggable_id" bigint, "created_at" timestamp(6) NOT NULL, "updated_at" timestamp(6) NOT NULL, CONSTRAINT "fk_rails_9fcd2e236b"
FOREIGN KEY ("tag_id")
  REFERENCES "tags" ("id")
)[0m
  [1m[35m (40.8ms)[0m  [1m[35mCREATE INDEX "index_taggings_on_tag_id" ON "taggings" ("tag_id")[0m
  [1m[35m (58.0ms)[0m  [1m[35mCREATE INDEX "index_taggings_on_taggable" ON "taggings" ("taggable_type", "taggable_id")[0m
  [1m[36mActiveRecord::SchemaMigration Create (0.3ms)[0m  [1m[32mINSERT INTO "schema_migrations" ("version") VALUES ($1) RETURNING "version"[0m  [["version", "20220615215748"]]
  [1m[36mTRANSACTION (17.4ms)[0m  [1m[35mCOMMIT[0m
  [1m[36mActiveRecord::InternalMetadata Load (0.5ms)[0m  [1m[34mSELECT "ar_internal_metadata".* FROM "ar_internal_metadata" WHERE "ar_internal_metadata"."key" = $1 LIMIT $2[0m  [["key", "environment"], ["LIMIT", 1]]
  [1m[36mTRANSACTION (0.3ms)[0m  [1m[35mBEGIN[0m
  [1m[36mActiveRecord::InternalMetadata Create (0.6ms)[0m  [1m[32mINSERT INTO "ar_internal_metadata" ("key", "value", "created_at", "updated_at") VALUES ($1, $2, $3, $4) RETURNING "key"[0m  [["key", "environment"], ["value", "development"], ["created_at", "2022-06-15 22:22:23.355596"], ["updated_at", "2022-06-15 22:22:23.355596"]]
  [1m[36mTRANSACTION (4.8ms)[0m  [1m[35mCOMMIT[0m
  [1m[35m (0.4ms)[0m  [1m[34mSELECT pg_advisory_unlock(5719340988261694080)[0m
  [1m[35m (0.7ms)[0m  [1m[34mSELECT "schema_migrations"."version" FROM "schema_migrations" ORDER BY "schema_migrations"."version" ASC[0m
  [1m[36mTask Load (0.4ms)[0m  [1m[34mSELECT "tasks".* FROM "tasks" ORDER BY "tasks"."id" ASC LIMIT $1[0m  [["LIMIT", 1]]
  [1m[36mTask Load (0.7ms)[0m  [1m[34mSELECT "tasks".* FROM "tasks" ORDER BY "tasks"."id" ASC LIMIT $1[0m  [["LIMIT", 1]]
  [1m[36mTRANSACTION (0.2ms)[0m  [1m[35mBEGIN[0m
  [1m[36mTask Create (0.5ms)[0m  [1m[32mINSERT INTO "tasks" ("title", "created_at", "updated_at") VALUES ($1, $2, $3) RETURNING "id"[0m  [["title", "Task 1"], ["created_at", "2022-06-15 22:23:02.274412"], ["updated_at", "2022-06-15 22:23:02.274412"]]
  [1m[36mTRANSACTION (24.3ms)[0m  [1m[35mCOMMIT[0m
  [1m[36mTRANSACTION (0.2ms)[0m  [1m[35mBEGIN[0m
  [1m[36mTag Exists? (0.5ms)[0m  [1m[34mSELECT 1 AS one FROM "tags" WHERE "tags"."name" = $1 LIMIT $2[0m  [["name", "Tag 1"], ["LIMIT", 1]]
  [1m[36mTag Create (0.4ms)[0m  [1m[32mINSERT INTO "tags" ("name", "created_at", "updated_at") VALUES ($1, $2, $3) RETURNING "id"[0m  [["name", "Tag 1"], ["created_at", "2022-06-15 22:23:35.076730"], ["updated_at", "2022-06-15 22:23:35.076730"]]
  [1m[36mTRANSACTION (15.9ms)[0m  [1m[35mCOMMIT[0m
  [1m[36mTRANSACTION (0.4ms)[0m  [1m[35mBEGIN[0m
  [1m[36mTag Exists? (0.3ms)[0m  [1m[34mSELECT 1 AS one FROM "tags" WHERE "tags"."name" = $1 LIMIT $2[0m  [["name", "Tag 2"], ["LIMIT", 1]]
  [1m[36mTag Create (0.3ms)[0m  [1m[32mINSERT INTO "tags" ("name", "created_at", "updated_at") VALUES ($1, $2, $3) RETURNING "id"[0m  [["name", "Tag 2"], ["created_at", "2022-06-15 22:23:36.801892"], ["updated_at", "2022-06-15 22:23:36.801892"]]
  [1m[36mTRANSACTION (8.0ms)[0m  [1m[35mCOMMIT[0m
  [1m[36mTRANSACTION (0.2ms)[0m  [1m[35mBEGIN[0m
  [1m[36mTag Exists? (0.3ms)[0m  [1m[34mSELECT 1 AS one FROM "tags" WHERE "tags"."name" = $1 LIMIT $2[0m  [["name", "Tag 3"], ["LIMIT", 1]]
  [1m[36mTag Create (0.3ms)[0m  [1m[32mINSERT INTO "tags" ("name", "created_at", "updated_at") VALUES ($1, $2, $3) RETURNING "id"[0m  [["name", "Tag 3"], ["created_at", "2022-06-15 22:23:38.308746"], ["updated_at", "2022-06-15 22:23:38.308746"]]
  [1m[36mTRANSACTION (18.2ms)[0m  [1m[35mCOMMIT[0m
  [1m[36mTask Load (0.4ms)[0m  [1m[34mSELECT "tasks".* FROM "tasks" ORDER BY "tasks"."id" ASC LIMIT $1[0m  [["LIMIT", 1]]
  [1m[36mTag Load (0.3ms)[0m  [1m[34mSELECT "tags".* FROM "tags" ORDER BY "tags"."id" ASC LIMIT $1[0m  [["LIMIT", 1]]
  [1m[36mTRANSACTION (0.2ms)[0m  [1m[35mBEGIN[0m
  [1m[36mTagging Create (0.7ms)[0m  [1m[32mINSERT INTO "taggings" ("tag_id", "taggable_type", "taggable_id", "created_at", "updated_at") VALUES ($1, $2, $3, $4, $5) RETURNING "id"[0m  [["tag_id", 1], ["taggable_type", "Task"], ["taggable_id", 1], ["created_at", "2022-06-15 22:24:09.281274"], ["updated_at", "2022-06-15 22:24:09.281274"]]
  [1m[36mTRANSACTION (45.6ms)[0m  [1m[35mCOMMIT[0m
  [1m[36mTask Load (0.5ms)[0m  [1m[34mSELECT "tasks".* FROM "tasks" ORDER BY "tasks"."id" ASC LIMIT $1[0m  [["LIMIT", 1]]
  [1m[36mTag Load (0.3ms)[0m  [1m[34mSELECT "tags".* FROM "tags" ORDER BY "tags"."id" ASC LIMIT $1 OFFSET $2[0m  [["LIMIT", 1], ["OFFSET", 1]]
  [1m[36mTRANSACTION (0.3ms)[0m  [1m[35mBEGIN[0m
  [1m[36mTagging Create (0.8ms)[0m  [1m[32mINSERT INTO "taggings" ("tag_id", "taggable_type", "taggable_id", "created_at", "updated_at") VALUES ($1, $2, $3, $4, $5) RETURNING "id"[0m  [["tag_id", 2], ["taggable_type", "Task"], ["taggable_id", 1], ["created_at", "2022-06-15 22:24:16.186549"], ["updated_at", "2022-06-15 22:24:16.186549"]]
  [1m[36mTRANSACTION (16.7ms)[0m  [1m[35mCOMMIT[0m
  [1m[36mTask Load (0.5ms)[0m  [1m[34mSELECT "tasks".* FROM "tasks" ORDER BY "tasks"."id" ASC LIMIT $1[0m  [["LIMIT", 1]]
  [1m[36mTag Load (0.4ms)[0m  [1m[34mSELECT "tags".* FROM "tags" INNER JOIN "taggings" ON "tags"."id" = "taggings"."tag_id" WHERE "taggings"."taggable_id" = $1 AND "taggings"."taggable_type" = $2 /* loading for inspect */ LIMIT $3[0m  [["taggable_id", 1], ["taggable_type", "Task"], ["LIMIT", 11]]
  [1m[36mTask Load (0.2ms)[0m  [1m[34mSELECT "tasks".* FROM "tasks" /* loading for inspect */ LIMIT $1[0m  [["LIMIT", 11]]
  [1m[36mTagging Load (0.4ms)[0m  [1m[34mSELECT "taggings".* FROM "taggings" WHERE "taggings"."taggable_type" = $1 AND "taggings"."taggable_id" = $2[0m  [["taggable_type", "Task"], ["taggable_id", 1]]
  [1m[36mTag Load (0.3ms)[0m  [1m[34mSELECT "tags".* FROM "tags" WHERE "tags"."id" IN ($1, $2)[0m  [["id", 1], ["id", 2]]
  [1m[36mTask Load (0.4ms)[0m  [1m[34mSELECT "tasks".* FROM "tasks" /* loading for inspect */ LIMIT $1[0m  [["LIMIT", 11]]
  [1m[36mTagging Load (0.2ms)[0m  [1m[34mSELECT "taggings".* FROM "taggings" WHERE "taggings"."taggable_type" = $1 AND "taggings"."taggable_id" = $2[0m  [["taggable_type", "Task"], ["taggable_id", 1]]
  [1m[36mTag Load (0.3ms)[0m  [1m[34mSELECT "tags".* FROM "tags" WHERE "tags"."id" IN ($1, $2)[0m  [["id", 1], ["id", 2]]
  [1m[36mTask Load (0.7ms)[0m  [1m[34mSELECT "tasks".* FROM "tasks" ORDER BY "tasks"."id" ASC LIMIT $1[0m  [["LIMIT", 1]]
  [1m[36mTagging Load (0.3ms)[0m  [1m[34mSELECT "taggings".* FROM "taggings" WHERE "taggings"."taggable_type" = $1 AND "taggings"."taggable_id" = $2[0m  [["taggable_type", "Task"], ["taggable_id", 1]]
  [1m[36mTag Load (0.3ms)[0m  [1m[34mSELECT "tags".* FROM "tags" WHERE "tags"."id" IN ($1, $2)[0m  [["id", 1], ["id", 2]]
  [1m[36mTask Load (0.4ms)[0m  [1m[34mSELECT "tasks".* FROM "tasks" /* loading for inspect */ LIMIT $1[0m  [["LIMIT", 11]]
  [1m[36mTagging Load (0.3ms)[0m  [1m[34mSELECT "taggings".* FROM "taggings" WHERE "taggings"."taggable_type" = $1 AND "taggings"."taggable_id" = $2[0m  [["taggable_type", "Task"], ["taggable_id", 1]]
  [1m[36mTag Load (0.3ms)[0m  [1m[34mSELECT "tags".* FROM "tags" WHERE "tags"."id" IN ($1, $2)[0m  [["id", 1], ["id", 2]]
  [1m[36mTask Load (0.3ms)[0m  [1m[34mSELECT "tasks".* FROM "tasks" /* loading for inspect */ LIMIT $1[0m  [["LIMIT", 11]]
  [1m[36mTagging Load (0.2ms)[0m  [1m[34mSELECT "taggings".* FROM "taggings" WHERE "taggings"."taggable_type" = $1 AND "taggings"."taggable_id" = $2[0m  [["taggable_type", "Task"], ["taggable_id", 1]]
  [1m[36mTask Load (0.4ms)[0m  [1m[34mSELECT "tasks".* FROM "tasks" /* loading for inspect */ LIMIT $1[0m  [["LIMIT", 11]]
  [1m[36mTagging Load (0.3ms)[0m  [1m[34mSELECT "taggings".* FROM "taggings" WHERE "taggings"."taggable_type" = $1 AND "taggings"."taggable_id" = $2[0m  [["taggable_type", "Task"], ["taggable_id", 1]]
  [1m[36mTag Load (0.3ms)[0m  [1m[34mSELECT "tags".* FROM "tags" WHERE "tags"."id" IN ($1, $2)[0m  [["id", 1], ["id", 2]]
  [1m[36mTag Load (0.3ms)[0m  [1m[34mSELECT "tags".* FROM "tags" /* loading for inspect */ ORDER BY "tags"."id" ASC LIMIT $1[0m  [["LIMIT", 11]]
  [1m[36mTag Load (0.3ms)[0m  [1m[34mSELECT "tags".* FROM "tags" /* loading for inspect */ LIMIT $1[0m  [["LIMIT", 11]]
  [1m[36mTagging Load (0.4ms)[0m  [1m[34mSELECT "taggings".* FROM "taggings" WHERE "taggings"."tag_id" IN ($1, $2, $3)[0m  [["tag_id", 1], ["tag_id", 2], ["tag_id", 3]]
  [1m[36mTag Load (0.5ms)[0m  [1m[34mSELECT "tags".* FROM "tags" /* loading for inspect */ ORDER BY "tags"."id" ASC LIMIT $1[0m  [["LIMIT", 11]]
  [1m[35m (0.5ms)[0m  [1m[34mSELECT "schema_migrations"."version" FROM "schema_migrations" ORDER BY "schema_migrations"."version" ASC[0m
  [1m[35m (0.3ms)[0m  [1m[34mSELECT "ar_internal_metadata"."value" FROM "ar_internal_metadata" WHERE "ar_internal_metadata"."key" = $1[0m  [["key", "environment"]]
  [1m[35m (0.3ms)[0m  [1m[34mSELECT "schema_migrations"."version" FROM "schema_migrations" ORDER BY "schema_migrations"."version" ASC[0m
  [1m[35m (0.2ms)[0m  [1m[34mSELECT "ar_internal_metadata"."value" FROM "ar_internal_metadata" WHERE "ar_internal_metadata"."key" = $1[0m  [["key", "environment"]]
  [1m[35m (0.2ms)[0m  [1m[34mSELECT "schema_migrations"."version" FROM "schema_migrations" ORDER BY "schema_migrations"."version" ASC[0m
  [1m[35m (0.2ms)[0m  [1m[34mSELECT "ar_internal_metadata"."value" FROM "ar_internal_metadata" WHERE "ar_internal_metadata"."key" = $1[0m  [["key", "environment"]]
  [1m[35m (5009.2ms)[0m  [1m[35mDROP DATABASE IF EXISTS "task_tag_server_development"[0m
  [1m[35m (0.5ms)[0m  [1m[34mSELECT "schema_migrations"."version" FROM "schema_migrations" ORDER BY "schema_migrations"."version" ASC[0m
  [1m[35m (0.3ms)[0m  [1m[34mSELECT "ar_internal_metadata"."value" FROM "ar_internal_metadata" WHERE "ar_internal_metadata"."key" = $1[0m  [["key", "environment"]]
  [1m[35m (0.2ms)[0m  [1m[34mSELECT "schema_migrations"."version" FROM "schema_migrations" ORDER BY "schema_migrations"."version" ASC[0m
  [1m[35m (0.2ms)[0m  [1m[34mSELECT "ar_internal_metadata"."value" FROM "ar_internal_metadata" WHERE "ar_internal_metadata"."key" = $1[0m  [["key", "environment"]]
  [1m[35m (0.2ms)[0m  [1m[34mSELECT "schema_migrations"."version" FROM "schema_migrations" ORDER BY "schema_migrations"."version" ASC[0m
  [1m[35m (0.2ms)[0m  [1m[34mSELECT "ar_internal_metadata"."value" FROM "ar_internal_metadata" WHERE "ar_internal_metadata"."key" = $1[0m  [["key", "environment"]]
  [1m[35m (227.8ms)[0m  [1m[35mDROP DATABASE IF EXISTS "task_tag_server_development"[0m
  [1m[35m (271.7ms)[0m  [1m[35mDROP DATABASE IF EXISTS "task_tag_server_test"[0m
  [1m[35m (570.3ms)[0m  [1m[35mCREATE DATABASE "task_tag_server_development" ENCODING = 'unicode'[0m
  [1m[35m (614.8ms)[0m  [1m[35mCREATE DATABASE "task_tag_server_test" ENCODING = 'unicode'[0m
  [1m[35m (300.2ms)[0m  [1m[35mCREATE TABLE "schema_migrations" ("version" character varying NOT NULL PRIMARY KEY)[0m
  [1m[35m (140.0ms)[0m  [1m[35mCREATE TABLE "ar_internal_metadata" ("key" character varying NOT NULL PRIMARY KEY, "value" character varying, "created_at" timestamp(6) NOT NULL, "updated_at" timestamp(6) NOT NULL)[0m
  [1m[35m (0.3ms)[0m  [1m[34mSELECT pg_try_advisory_lock(5719340988261694080)[0m
  [1m[35m (0.5ms)[0m  [1m[34mSELECT "schema_migrations"."version" FROM "schema_migrations" ORDER BY "schema_migrations"."version" ASC[0m
Migrating to CreateTasks (20220615215737)
  [1m[36mTRANSACTION (0.2ms)[0m  [1m[35mBEGIN[0m
  [1m[35m (86.9ms)[0m  [1m[35mCREATE TABLE "tasks" ("id" bigserial primary key, "title" character varying NOT NULL, "created_at" timestamp(6) NOT NULL, "updated_at" timestamp(6) NOT NULL)[0m
  [1m[36mActiveRecord::SchemaMigration Create (0.4ms)[0m  [1m[32mINSERT INTO "schema_migrations" ("version") VALUES ($1) RETURNING "version"[0m  [["version", "20220615215737"]]
  [1m[36mTRANSACTION (20.3ms)[0m  [1m[35mCOMMIT[0m
Migrating to CreateTagsAndTaggings (20220615215748)
  [1m[36mTRANSACTION (0.3ms)[0m  [1m[35mBEGIN[0m
  [1m[35m (114.4ms)[0m  [1m[35mCREATE TABLE "tags" ("id" bigserial primary key, "name" character varying NOT NULL, "tasks_count" integer DEFAULT 0 NOT NULL, "created_at" timestamp(6) NOT NULL, "updated_at" timestamp(6) NOT NULL)[0m
  [1m[35m (40.3ms)[0m  [1m[35mCREATE UNIQUE INDEX "index_tags_on_name" ON "tags" ("name")[0m
  [1m[35m (83.6ms)[0m  [1m[35mCREATE TABLE "taggings" ("id" bigserial primary key, "tag_id" bigint, "taggable_type" character varying, "taggable_id" bigint, "created_at" timestamp(6) NOT NULL, "updated_at" timestamp(6) NOT NULL, CONSTRAINT "fk_rails_9fcd2e236b"
FOREIGN KEY ("tag_id")
  REFERENCES "tags" ("id")
)[0m
  [1m[35m (40.6ms)[0m  [1m[35mCREATE INDEX "index_taggings_on_tag_id" ON "taggings" ("tag_id")[0m
  [1m[35m (49.8ms)[0m  [1m[35mCREATE INDEX "index_taggings_on_taggable" ON "taggings" ("taggable_type", "taggable_id")[0m
  [1m[36mActiveRecord::SchemaMigration Create (0.3ms)[0m  [1m[32mINSERT INTO "schema_migrations" ("version") VALUES ($1) RETURNING "version"[0m  [["version", "20220615215748"]]
  [1m[36mTRANSACTION (20.5ms)[0m  [1m[35mCOMMIT[0m
  [1m[36mActiveRecord::InternalMetadata Load (0.4ms)[0m  [1m[34mSELECT "ar_internal_metadata".* FROM "ar_internal_metadata" WHERE "ar_internal_metadata"."key" = $1 LIMIT $2[0m  [["key", "environment"], ["LIMIT", 1]]
  [1m[36mTRANSACTION (0.2ms)[0m  [1m[35mBEGIN[0m
  [1m[36mActiveRecord::InternalMetadata Create (0.5ms)[0m  [1m[32mINSERT INTO "ar_internal_metadata" ("key", "value", "created_at", "updated_at") VALUES ($1, $2, $3, $4) RETURNING "key"[0m  [["key", "environment"], ["value", "development"], ["created_at", "2022-06-15 22:39:03.824393"], ["updated_at", "2022-06-15 22:39:03.824393"]]
  [1m[36mTRANSACTION (39.5ms)[0m  [1m[35mCOMMIT[0m
  [1m[35m (0.4ms)[0m  [1m[34mSELECT pg_advisory_unlock(5719340988261694080)[0m
  [1m[35m (0.4ms)[0m  [1m[34mSELECT "schema_migrations"."version" FROM "schema_migrations" ORDER BY "schema_migrations"."version" ASC[0m
  [1m[36mTRANSACTION (0.2ms)[0m  [1m[35mBEGIN[0m
  [1m[36mTask Create (0.7ms)[0m  [1m[32mINSERT INTO "tasks" ("title", "created_at", "updated_at") VALUES ($1, $2, $3) RETURNING "id"[0m  [["title", "Task 1"], ["created_at", "2022-06-15 22:39:11.581905"], ["updated_at", "2022-06-15 22:39:11.581905"]]
  [1m[36mTRANSACTION (15.3ms)[0m  [1m[35mCOMMIT[0m
  [1m[36mTRANSACTION (0.3ms)[0m  [1m[35mBEGIN[0m
  [1m[36mTask Create (0.3ms)[0m  [1m[32mINSERT INTO "tasks" ("title", "created_at", "updated_at") VALUES ($1, $2, $3) RETURNING "id"[0m  [["title", "Task 2"], ["created_at", "2022-06-15 22:39:13.292547"], ["updated_at", "2022-06-15 22:39:13.292547"]]
  [1m[36mTRANSACTION (33.5ms)[0m  [1m[35mCOMMIT[0m
  [1m[36mTRANSACTION (0.2ms)[0m  [1m[35mBEGIN[0m
  [1m[36mTask Create (0.3ms)[0m  [1m[32mINSERT INTO "tasks" ("title", "created_at", "updated_at") VALUES ($1, $2, $3) RETURNING "id"[0m  [["title", "Task 3"], ["created_at", "2022-06-15 22:39:15.315935"], ["updated_at", "2022-06-15 22:39:15.315935"]]
  [1m[36mTRANSACTION (11.1ms)[0m  [1m[35mCOMMIT[0m
  [1m[36mTask Load (0.3ms)[0m  [1m[34mSELECT "tasks".* FROM "tasks" ORDER BY "tasks"."id" ASC LIMIT $1[0m  [["LIMIT", 1]]
  [1m[36mTag Load (0.6ms)[0m  [1m[34mSELECT "tags".* FROM "tags" ORDER BY "tags"."id" ASC LIMIT $1[0m  [["LIMIT", 1]]
  [1m[36mTask Load (0.4ms)[0m  [1m[34mSELECT "tasks".* FROM "tasks" ORDER BY "tasks"."id" ASC LIMIT $1[0m  [["LIMIT", 1]]
  [1m[36mTag Load (0.3ms)[0m  [1m[34mSELECT "tags".* FROM "tags" ORDER BY "tags"."id" ASC LIMIT $1 OFFSET $2[0m  [["LIMIT", 1], ["OFFSET", 1]]
  [1m[36mTag Load (0.5ms)[0m  [1m[34mSELECT "tags".* FROM "tags" ORDER BY "tags"."id" ASC LIMIT $1[0m  [["LIMIT", 1]]
  [1m[36mTag Load (0.6ms)[0m  [1m[34mSELECT "tags".* FROM "tags" /* loading for inspect */ LIMIT $1[0m  [["LIMIT", 11]]
  [1m[36mTRANSACTION (0.4ms)[0m  [1m[35mBEGIN[0m
  [1m[36mTask Create (0.6ms)[0m  [1m[32mINSERT INTO "tasks" ("title", "created_at", "updated_at") VALUES ($1, $2, $3) RETURNING "id"[0m  [["title", "Task 1"], ["created_at", "2022-06-15 22:40:21.026722"], ["updated_at", "2022-06-15 22:40:21.026722"]]
  [1m[36mTRANSACTION (19.0ms)[0m  [1m[35mCOMMIT[0m
  [1m[36mTRANSACTION (0.2ms)[0m  [1m[35mBEGIN[0m
  [1m[36mTag Exists? (0.5ms)[0m  [1m[34mSELECT 1 AS one FROM "tags" WHERE "tags"."name" = $1 LIMIT $2[0m  [["name", "Tag 1"], ["LIMIT", 1]]
  [1m[36mTag Create (0.4ms)[0m  [1m[32mINSERT INTO "tags" ("name", "created_at", "updated_at") VALUES ($1, $2, $3) RETURNING "id"[0m  [["name", "Tag 1"], ["created_at", "2022-06-15 22:40:37.617496"], ["updated_at", "2022-06-15 22:40:37.617496"]]
  [1m[36mTRANSACTION (17.4ms)[0m  [1m[35mCOMMIT[0m
  [1m[36mTRANSACTION (0.3ms)[0m  [1m[35mBEGIN[0m
  [1m[36mTag Exists? (0.4ms)[0m  [1m[34mSELECT 1 AS one FROM "tags" WHERE "tags"."name" = $1 LIMIT $2[0m  [["name", "Tag 2"], ["LIMIT", 1]]
  [1m[36mTag Create (0.4ms)[0m  [1m[32mINSERT INTO "tags" ("name", "created_at", "updated_at") VALUES ($1, $2, $3) RETURNING "id"[0m  [["name", "Tag 2"], ["created_at", "2022-06-15 22:40:39.128907"], ["updated_at", "2022-06-15 22:40:39.128907"]]
  [1m[36mTRANSACTION (6.1ms)[0m  [1m[35mCOMMIT[0m
  [1m[36mTRANSACTION (0.3ms)[0m  [1m[35mBEGIN[0m
  [1m[36mTag Exists? (0.3ms)[0m  [1m[34mSELECT 1 AS one FROM "tags" WHERE "tags"."name" = $1 LIMIT $2[0m  [["name", "Tag 3"], ["LIMIT", 1]]
  [1m[36mTag Create (0.3ms)[0m  [1m[32mINSERT INTO "tags" ("name", "created_at", "updated_at") VALUES ($1, $2, $3) RETURNING "id"[0m  [["name", "Tag 3"], ["created_at", "2022-06-15 22:40:40.541296"], ["updated_at", "2022-06-15 22:40:40.541296"]]
  [1m[36mTRANSACTION (11.3ms)[0m  [1m[35mCOMMIT[0m
  [1m[36mTag Load (0.7ms)[0m  [1m[34mSELECT "tags".* FROM "tags" ORDER BY "tags"."id" ASC LIMIT $1[0m  [["LIMIT", 1]]
  [1m[36mTask Load (0.7ms)[0m  [1m[34mSELECT "tasks".* FROM "tasks"[0m
  [1m[36mTRANSACTION (0.3ms)[0m  [1m[35mBEGIN[0m
  [1m[36mTagging Load (0.5ms)[0m  [1m[34mSELECT "taggings".* FROM "taggings" WHERE "taggings"."taggable_id" = $1 AND "taggings"."taggable_type" = $2[0m  [["taggable_id", 1], ["taggable_type", "Task"]]
  [1m[36mTask Destroy (0.3ms)[0m  [1m[31mDELETE FROM "tasks" WHERE "tasks"."id" = $1[0m  [["id", 1]]
  [1m[36mTRANSACTION (21.8ms)[0m  [1m[35mCOMMIT[0m
  [1m[36mTRANSACTION (0.1ms)[0m  [1m[35mBEGIN[0m
  [1m[36mTagging Load (0.3ms)[0m  [1m[34mSELECT "taggings".* FROM "taggings" WHERE "taggings"."taggable_id" = $1 AND "taggings"."taggable_type" = $2[0m  [["taggable_id", 2], ["taggable_type", "Task"]]
  [1m[36mTask Destroy (0.2ms)[0m  [1m[31mDELETE FROM "tasks" WHERE "tasks"."id" = $1[0m  [["id", 2]]
  [1m[36mTRANSACTION (6.0ms)[0m  [1m[35mCOMMIT[0m
  [1m[36mTRANSACTION (0.2ms)[0m  [1m[35mBEGIN[0m
  [1m[36mTagging Load (0.2ms)[0m  [1m[34mSELECT "taggings".* FROM "taggings" WHERE "taggings"."taggable_id" = $1 AND "taggings"."taggable_type" = $2[0m  [["taggable_id", 3], ["taggable_type", "Task"]]
  [1m[36mTask Destroy (0.2ms)[0m  [1m[31mDELETE FROM "tasks" WHERE "tasks"."id" = $1[0m  [["id", 3]]
  [1m[36mTRANSACTION (6.6ms)[0m  [1m[35mCOMMIT[0m
  [1m[36mTRANSACTION (0.1ms)[0m  [1m[35mBEGIN[0m
  [1m[36mTagging Load (0.2ms)[0m  [1m[34mSELECT "taggings".* FROM "taggings" WHERE "taggings"."taggable_id" = $1 AND "taggings"."taggable_type" = $2[0m  [["taggable_id", 4], ["taggable_type", "Task"]]
  [1m[36mTask Destroy (0.3ms)[0m  [1m[31mDELETE FROM "tasks" WHERE "tasks"."id" = $1[0m  [["id", 4]]
  [1m[36mTRANSACTION (6.5ms)[0m  [1m[35mCOMMIT[0m
  [1m[36mTagging Load (0.3ms)[0m  [1m[34mSELECT "taggings".* FROM "taggings" ORDER BY "taggings"."id" ASC LIMIT $1[0m  [["LIMIT", 1]]
  [1m[36mTRANSACTION (0.4ms)[0m  [1m[35mBEGIN[0m
  [1m[36mTask Create (0.6ms)[0m  [1m[32mINSERT INTO "tasks" ("title", "created_at", "updated_at") VALUES ($1, $2, $3) RETURNING "id"[0m  [["title", "Task 1"], ["created_at", "2022-06-15 22:41:20.949944"], ["updated_at", "2022-06-15 22:41:20.949944"]]
  [1m[36mTRANSACTION (21.3ms)[0m  [1m[35mCOMMIT[0m
  [1m[36mTRANSACTION (0.2ms)[0m  [1m[35mBEGIN[0m
  [1m[36mTask Create (0.4ms)[0m  [1m[32mINSERT INTO "tasks" ("title", "created_at", "updated_at") VALUES ($1, $2, $3) RETURNING "id"[0m  [["title", "Task 2"], ["created_at", "2022-06-15 22:41:22.050879"], ["updated_at", "2022-06-15 22:41:22.050879"]]
  [1m[36mTRANSACTION (4.6ms)[0m  [1m[35mCOMMIT[0m
  [1m[36mTRANSACTION (0.4ms)[0m  [1m[35mBEGIN[0m
  [1m[36mTask Create (0.6ms)[0m  [1m[32mINSERT INTO "tasks" ("title", "created_at", "updated_at") VALUES ($1, $2, $3) RETURNING "id"[0m  [["title", "Task 3"], ["created_at", "2022-06-15 22:41:24.198096"], ["updated_at", "2022-06-15 22:41:24.198096"]]
  [1m[36mTRANSACTION (15.6ms)[0m  [1m[35mCOMMIT[0m
  [1m[36mTask Load (0.4ms)[0m  [1m[34mSELECT "tasks".* FROM "tasks" ORDER BY "tasks"."id" ASC LIMIT $1[0m  [["LIMIT", 1]]
  [1m[36mTag Load (0.3ms)[0m  [1m[34mSELECT "tags".* FROM "tags" ORDER BY "tags"."id" ASC LIMIT $1[0m  [["LIMIT", 1]]
  [1m[36mTRANSACTION (0.2ms)[0m  [1m[35mBEGIN[0m
  [1m[36mTagging Create (0.7ms)[0m  [1m[32mINSERT INTO "taggings" ("tag_id", "taggable_type", "taggable_id", "created_at", "updated_at") VALUES ($1, $2, $3, $4, $5) RETURNING "id"[0m  [["tag_id", 1], ["taggable_type", "Task"], ["taggable_id", 5], ["created_at", "2022-06-15 22:41:29.393829"], ["updated_at", "2022-06-15 22:41:29.393829"]]
  [1m[36mTRANSACTION (0.2ms)[0m  [1m[31mROLLBACK[0m
  [1m[36mTask Load (0.3ms)[0m  [1m[34mSELECT "tasks".* FROM "tasks" ORDER BY "tasks"."id" ASC LIMIT $1[0m  [["LIMIT", 1]]
  [1m[36mTag Load (0.3ms)[0m  [1m[34mSELECT "tags".* FROM "tags" ORDER BY "tags"."id" ASC LIMIT $1[0m  [["LIMIT", 1]]
  [1m[36mTRANSACTION (0.2ms)[0m  [1m[35mBEGIN[0m
  [1m[36mTagging Create (0.5ms)[0m  [1m[32mINSERT INTO "taggings" ("tag_id", "taggable_type", "taggable_id", "created_at", "updated_at") VALUES ($1, $2, $3, $4, $5) RETURNING "id"[0m  [["tag_id", 1], ["taggable_type", "Task"], ["taggable_id", 5], ["created_at", "2022-06-15 22:42:13.110197"], ["updated_at", "2022-06-15 22:42:13.110197"]]
  [1m[36mTRANSACTION (26.7ms)[0m  [1m[35mCOMMIT[0m
  [1m[36mTask Load (0.5ms)[0m  [1m[34mSELECT "tasks".* FROM "tasks" ORDER BY "tasks"."id" ASC LIMIT $1[0m  [["LIMIT", 1]]
  [1m[36mTag Load (0.3ms)[0m  [1m[34mSELECT "tags".* FROM "tags" ORDER BY "tags"."id" ASC LIMIT $1 OFFSET $2[0m  [["LIMIT", 1], ["OFFSET", 1]]
  [1m[36mTRANSACTION (0.2ms)[0m  [1m[35mBEGIN[0m
  [1m[36mTagging Create (0.4ms)[0m  [1m[32mINSERT INTO "taggings" ("tag_id", "taggable_type", "taggable_id", "created_at", "updated_at") VALUES ($1, $2, $3, $4, $5) RETURNING "id"[0m  [["tag_id", 2], ["taggable_type", "Task"], ["taggable_id", 5], ["created_at", "2022-06-15 22:42:17.521978"], ["updated_at", "2022-06-15 22:42:17.521978"]]
  [1m[36mTRANSACTION (16.7ms)[0m  [1m[35mCOMMIT[0m
  [1m[36mTag Load (0.5ms)[0m  [1m[34mSELECT "tags".* FROM "tags" ORDER BY "tags"."id" ASC LIMIT $1[0m  [["LIMIT", 1]]
  [1m[35m (0.4ms)[0m  [1m[34mSELECT "schema_migrations"."version" FROM "schema_migrations" ORDER BY "schema_migrations"."version" ASC[0m
  [1m[35m (0.3ms)[0m  [1m[34mSELECT "ar_internal_metadata"."value" FROM "ar_internal_metadata" WHERE "ar_internal_metadata"."key" = $1[0m  [["key", "environment"]]
  [1m[35m (0.2ms)[0m  [1m[34mSELECT "schema_migrations"."version" FROM "schema_migrations" ORDER BY "schema_migrations"."version" ASC[0m
  [1m[35m (0.2ms)[0m  [1m[34mSELECT "ar_internal_metadata"."value" FROM "ar_internal_metadata" WHERE "ar_internal_metadata"."key" = $1[0m  [["key", "environment"]]
  [1m[35m (0.2ms)[0m  [1m[34mSELECT "schema_migrations"."version" FROM "schema_migrations" ORDER BY "schema_migrations"."version" ASC[0m
  [1m[35m (0.2ms)[0m  [1m[34mSELECT "ar_internal_metadata"."value" FROM "ar_internal_metadata" WHERE "ar_internal_metadata"."key" = $1[0m  [["key", "environment"]]
  [1m[35m (295.9ms)[0m  [1m[35mDROP DATABASE IF EXISTS "task_tag_server_development"[0m
  [1m[35m (264.8ms)[0m  [1m[35mDROP DATABASE IF EXISTS "task_tag_server_test"[0m
  [1m[35m (627.3ms)[0m  [1m[35mCREATE DATABASE "task_tag_server_development" ENCODING = 'unicode'[0m
  [1m[35m (712.3ms)[0m  [1m[35mCREATE DATABASE "task_tag_server_test" ENCODING = 'unicode'[0m
  [1m[35m (114.9ms)[0m  [1m[35mCREATE TABLE "schema_migrations" ("version" character varying NOT NULL PRIMARY KEY)[0m
  [1m[35m (123.4ms)[0m  [1m[35mCREATE TABLE "ar_internal_metadata" ("key" character varying NOT NULL PRIMARY KEY, "value" character varying, "created_at" timestamp(6) NOT NULL, "updated_at" timestamp(6) NOT NULL)[0m
  [1m[35m (0.2ms)[0m  [1m[34mSELECT pg_try_advisory_lock(5719340988261694080)[0m
  [1m[35m (0.5ms)[0m  [1m[34mSELECT "schema_migrations"."version" FROM "schema_migrations" ORDER BY "schema_migrations"."version" ASC[0m
Migrating to CreateTasks (20220615215737)
  [1m[36mTRANSACTION (0.2ms)[0m  [1m[35mBEGIN[0m
  [1m[35m (113.5ms)[0m  [1m[35mCREATE TABLE "tasks" ("id" bigserial primary key, "title" character varying NOT NULL, "created_at" timestamp(6) NOT NULL, "updated_at" timestamp(6) NOT NULL)[0m
  [1m[36mActiveRecord::SchemaMigration Create (0.4ms)[0m  [1m[32mINSERT INTO "schema_migrations" ("version") VALUES ($1) RETURNING "version"[0m  [["version", "20220615215737"]]
  [1m[36mTRANSACTION (21.0ms)[0m  [1m[35mCOMMIT[0m
Migrating to CreateTagsAndTaggings (20220615215748)
  [1m[36mTRANSACTION (0.2ms)[0m  [1m[35mBEGIN[0m
  [1m[35m (97.3ms)[0m  [1m[35mCREATE TABLE "tags" ("id" bigserial primary key, "name" character varying NOT NULL, "taggings_count" integer DEFAULT 0 NOT NULL, "created_at" timestamp(6) NOT NULL, "updated_at" timestamp(6) NOT NULL)[0m
  [1m[35m (41.0ms)[0m  [1m[35mCREATE UNIQUE INDEX "index_tags_on_name" ON "tags" ("name")[0m
  [1m[35m (150.5ms)[0m  [1m[35mCREATE TABLE "taggings" ("id" bigserial primary key, "tag_id" bigint, "taggable_type" character varying, "taggable_id" bigint, "created_at" timestamp(6) NOT NULL, "updated_at" timestamp(6) NOT NULL, CONSTRAINT "fk_rails_9fcd2e236b"
FOREIGN KEY ("tag_id")
  REFERENCES "tags" ("id")
)[0m
  [1m[35m (32.4ms)[0m  [1m[35mCREATE INDEX "index_taggings_on_tag_id" ON "taggings" ("tag_id")[0m
  [1m[35m (32.8ms)[0m  [1m[35mCREATE INDEX "index_taggings_on_taggable" ON "taggings" ("taggable_type", "taggable_id")[0m
  [1m[36mActiveRecord::SchemaMigration Create (0.3ms)[0m  [1m[32mINSERT INTO "schema_migrations" ("version") VALUES ($1) RETURNING "version"[0m  [["version", "20220615215748"]]
  [1m[36mTRANSACTION (21.6ms)[0m  [1m[35mCOMMIT[0m
  [1m[36mActiveRecord::InternalMetadata Load (0.3ms)[0m  [1m[34mSELECT "ar_internal_metadata".* FROM "ar_internal_metadata" WHERE "ar_internal_metadata"."key" = $1 LIMIT $2[0m  [["key", "environment"], ["LIMIT", 1]]
  [1m[36mTRANSACTION (0.2ms)[0m  [1m[35mBEGIN[0m
  [1m[36mActiveRecord::InternalMetadata Create (0.5ms)[0m  [1m[32mINSERT INTO "ar_internal_metadata" ("key", "value", "created_at", "updated_at") VALUES ($1, $2, $3, $4) RETURNING "key"[0m  [["key", "environment"], ["value", "development"], ["created_at", "2022-06-15 22:43:28.555802"], ["updated_at", "2022-06-15 22:43:28.555802"]]
  [1m[36mTRANSACTION (6.7ms)[0m  [1m[35mCOMMIT[0m
  [1m[35m (0.4ms)[0m  [1m[34mSELECT pg_advisory_unlock(5719340988261694080)[0m
  [1m[35m (0.6ms)[0m  [1m[34mSELECT "schema_migrations"."version" FROM "schema_migrations" ORDER BY "schema_migrations"."version" ASC[0m
  [1m[36mTRANSACTION (0.2ms)[0m  [1m[35mBEGIN[0m
  [1m[36mTag Exists? (0.7ms)[0m  [1m[34mSELECT 1 AS one FROM "tags" WHERE "tags"."name" = $1 LIMIT $2[0m  [["name", "Tag 1"], ["LIMIT", 1]]
  [1m[36mTag Create (0.5ms)[0m  [1m[32mINSERT INTO "tags" ("name", "created_at", "updated_at") VALUES ($1, $2, $3) RETURNING "id"[0m  [["name", "Tag 1"], ["created_at", "2022-06-15 22:43:49.047033"], ["updated_at", "2022-06-15 22:43:49.047033"]]
  [1m[36mTRANSACTION (23.9ms)[0m  [1m[35mCOMMIT[0m
  [1m[36mTRANSACTION (0.3ms)[0m  [1m[35mBEGIN[0m
  [1m[36mTag Exists? (0.5ms)[0m  [1m[34mSELECT 1 AS one FROM "tags" WHERE "tags"."name" = $1 LIMIT $2[0m  [["name", "Tag 2"], ["LIMIT", 1]]
  [1m[36mTag Create (0.5ms)[0m  [1m[32mINSERT INTO "tags" ("name", "created_at", "updated_at") VALUES ($1, $2, $3) RETURNING "id"[0m  [["name", "Tag 2"], ["created_at", "2022-06-15 22:43:50.306931"], ["updated_at", "2022-06-15 22:43:50.306931"]]
  [1m[36mTRANSACTION (6.1ms)[0m  [1m[35mCOMMIT[0m
  [1m[36mTRANSACTION (0.3ms)[0m  [1m[35mBEGIN[0m
  [1m[36mTag Exists? (0.4ms)[0m  [1m[34mSELECT 1 AS one FROM "tags" WHERE "tags"."name" = $1 LIMIT $2[0m  [["name", "Tag 3"], ["LIMIT", 1]]
  [1m[36mTag Create (0.5ms)[0m  [1m[32mINSERT INTO "tags" ("name", "created_at", "updated_at") VALUES ($1, $2, $3) RETURNING "id"[0m  [["name", "Tag 3"], ["created_at", "2022-06-15 22:43:51.602140"], ["updated_at", "2022-06-15 22:43:51.602140"]]
  [1m[36mTRANSACTION (19.8ms)[0m  [1m[35mCOMMIT[0m
  [1m[36mTRANSACTION (0.2ms)[0m  [1m[35mBEGIN[0m
  [1m[36mTask Create (0.5ms)[0m  [1m[32mINSERT INTO "tasks" ("title", "created_at", "updated_at") VALUES ($1, $2, $3) RETURNING "id"[0m  [["title", "Task 1"], ["created_at", "2022-06-15 22:44:02.121803"], ["updated_at", "2022-06-15 22:44:02.121803"]]
  [1m[36mTRANSACTION (20.5ms)[0m  [1m[35mCOMMIT[0m
  [1m[36mTRANSACTION (0.2ms)[0m  [1m[35mBEGIN[0m
  [1m[36mTask Create (0.3ms)[0m  [1m[32mINSERT INTO "tasks" ("title", "created_at", "updated_at") VALUES ($1, $2, $3) RETURNING "id"[0m  [["title", "Task 2"], ["created_at", "2022-06-15 22:44:03.542155"], ["updated_at", "2022-06-15 22:44:03.542155"]]
  [1m[36mTRANSACTION (8.9ms)[0m  [1m[35mCOMMIT[0m
  [1m[36mTRANSACTION (0.3ms)[0m  [1m[35mBEGIN[0m
  [1m[36mTask Create (0.5ms)[0m  [1m[32mINSERT INTO "tasks" ("title", "created_at", "updated_at") VALUES ($1, $2, $3) RETURNING "id"[0m  [["title", "Task 3"], ["created_at", "2022-06-15 22:44:04.888771"], ["updated_at", "2022-06-15 22:44:04.888771"]]
  [1m[36mTRANSACTION (3.9ms)[0m  [1m[35mCOMMIT[0m
  [1m[36mTask Load (0.5ms)[0m  [1m[34mSELECT "tasks".* FROM "tasks" ORDER BY "tasks"."id" ASC LIMIT $1[0m  [["LIMIT", 1]]
  [1m[36mTag Load (0.3ms)[0m  [1m[34mSELECT "tags".* FROM "tags" ORDER BY "tags"."id" ASC LIMIT $1[0m  [["LIMIT", 1]]
  [1m[36mTRANSACTION (0.2ms)[0m  [1m[35mBEGIN[0m
  [1m[36mTagging Create (0.7ms)[0m  [1m[32mINSERT INTO "taggings" ("tag_id", "taggable_type", "taggable_id", "created_at", "updated_at") VALUES ($1, $2, $3, $4, $5) RETURNING "id"[0m  [["tag_id", 1], ["taggable_type", "Task"], ["taggable_id", 1], ["created_at", "2022-06-15 22:44:12.812374"], ["updated_at", "2022-06-15 22:44:12.812374"]]
  [1m[36mTag Update All (0.4ms)[0m  [1m[33mUPDATE "tags" SET "taggings_count" = COALESCE("taggings_count", 0) + $1 WHERE "tags"."id" = $2[0m  [["taggings_count", 1], ["id", 1]]
  [1m[36mTRANSACTION (57.1ms)[0m  [1m[35mCOMMIT[0m
  [1m[36mTask Load (0.4ms)[0m  [1m[34mSELECT "tasks".* FROM "tasks" ORDER BY "tasks"."id" ASC LIMIT $1[0m  [["LIMIT", 1]]
  [1m[36mTag Load (0.3ms)[0m  [1m[34mSELECT "tags".* FROM "tags" ORDER BY "tags"."id" ASC LIMIT $1 OFFSET $2[0m  [["LIMIT", 1], ["OFFSET", 1]]
  [1m[36mTRANSACTION (0.2ms)[0m  [1m[35mBEGIN[0m
  [1m[36mTagging Create (0.4ms)[0m  [1m[32mINSERT INTO "taggings" ("tag_id", "taggable_type", "taggable_id", "created_at", "updated_at") VALUES ($1, $2, $3, $4, $5) RETURNING "id"[0m  [["tag_id", 2], ["taggable_type", "Task"], ["taggable_id", 1], ["created_at", "2022-06-15 22:44:17.765106"], ["updated_at", "2022-06-15 22:44:17.765106"]]
  [1m[36mTag Update All (0.4ms)[0m  [1m[33mUPDATE "tags" SET "taggings_count" = COALESCE("taggings_count", 0) + $1 WHERE "tags"."id" = $2[0m  [["taggings_count", 1], ["id", 2]]
  [1m[36mTRANSACTION (23.3ms)[0m  [1m[35mCOMMIT[0m
  [1m[36mTask Load (0.3ms)[0m  [1m[34mSELECT "tasks".* FROM "tasks" ORDER BY "tasks"."id" ASC LIMIT $1 OFFSET $2[0m  [["LIMIT", 1], ["OFFSET", 1]]
  [1m[36mTag Load (0.2ms)[0m  [1m[34mSELECT "tags".* FROM "tags" ORDER BY "tags"."id" ASC LIMIT $1 OFFSET $2[0m  [["LIMIT", 1], ["OFFSET", 1]]
  [1m[36mTRANSACTION (0.1ms)[0m  [1m[35mBEGIN[0m
  [1m[36mTagging Create (0.4ms)[0m  [1m[32mINSERT INTO "taggings" ("tag_id", "taggable_type", "taggable_id", "created_at", "updated_at") VALUES ($1, $2, $3, $4, $5) RETURNING "id"[0m  [["tag_id", 2], ["taggable_type", "Task"], ["taggable_id", 2], ["created_at", "2022-06-15 22:44:24.942155"], ["updated_at", "2022-06-15 22:44:24.942155"]]
  [1m[36mTag Update All (0.3ms)[0m  [1m[33mUPDATE "tags" SET "taggings_count" = COALESCE("taggings_count", 0) + $1 WHERE "tags"."id" = $2[0m  [["taggings_count", 1], ["id", 2]]
  [1m[36mTRANSACTION (7.6ms)[0m  [1m[35mCOMMIT[0m
  [1m[36mTask Load (0.4ms)[0m  [1m[34mSELECT "tasks".* FROM "tasks" ORDER BY "tasks"."id" ASC LIMIT $1 OFFSET $2[0m  [["LIMIT", 1], ["OFFSET", 1]]
  [1m[36mTag Load (0.2ms)[0m  [1m[34mSELECT "tags".* FROM "tags" ORDER BY "tags"."id" ASC LIMIT $1 OFFSET $2[0m  [["LIMIT", 1], ["OFFSET", 2]]
  [1m[36mTRANSACTION (0.2ms)[0m  [1m[35mBEGIN[0m
  [1m[36mTagging Create (0.4ms)[0m  [1m[32mINSERT INTO "taggings" ("tag_id", "taggable_type", "taggable_id", "created_at", "updated_at") VALUES ($1, $2, $3, $4, $5) RETURNING "id"[0m  [["tag_id", 3], ["taggable_type", "Task"], ["taggable_id", 2], ["created_at", "2022-06-15 22:44:28.637149"], ["updated_at", "2022-06-15 22:44:28.637149"]]
  [1m[36mTag Update All (0.3ms)[0m  [1m[33mUPDATE "tags" SET "taggings_count" = COALESCE("taggings_count", 0) + $1 WHERE "tags"."id" = $2[0m  [["taggings_count", 1], ["id", 3]]
  [1m[36mTRANSACTION (5.5ms)[0m  [1m[35mCOMMIT[0m
  [1m[36mTask Load (0.3ms)[0m  [1m[34mSELECT "tasks".* FROM "tasks" ORDER BY "tasks"."id" ASC LIMIT $1 OFFSET $2[0m  [["LIMIT", 1], ["OFFSET", 1]]
  [1m[36mTag Load (0.2ms)[0m  [1m[34mSELECT "tags".* FROM "tags" ORDER BY "tags"."id" ASC LIMIT $1[0m  [["LIMIT", 1]]
  [1m[36mTRANSACTION (0.1ms)[0m  [1m[35mBEGIN[0m
  [1m[36mTagging Create (0.3ms)[0m  [1m[32mINSERT INTO "taggings" ("tag_id", "taggable_type", "taggable_id", "created_at", "updated_at") VALUES ($1, $2, $3, $4, $5) RETURNING "id"[0m  [["tag_id", 1], ["taggable_type", "Task"], ["taggable_id", 2], ["created_at", "2022-06-15 22:44:42.901591"], ["updated_at", "2022-06-15 22:44:42.901591"]]
  [1m[36mTag Update All (0.2ms)[0m  [1m[33mUPDATE "tags" SET "taggings_count" = COALESCE("taggings_count", 0) + $1 WHERE "tags"."id" = $2[0m  [["taggings_count", 1], ["id", 1]]
  [1m[36mTRANSACTION (21.5ms)[0m  [1m[35mCOMMIT[0m
  [1m[36mTag Load (0.4ms)[0m  [1m[34mSELECT "tags".* FROM "tags" /* loading for inspect */ ORDER BY "tags"."taggings_count" ASC LIMIT $1[0m  [["LIMIT", 11]]
  [1m[36mTag Load (0.3ms)[0m  [1m[34mSELECT "tags".* FROM "tags" /* loading for inspect */ ORDER BY "tags"."taggings_count" DESC LIMIT $1[0m  [["LIMIT", 11]]
